[ECMWF-INFO -sbatch] - -------------------------------------------------------------------------------------
[ECMWF-INFO -sbatch] -  This is the ECMWF jobfilter
[ECMWF-INFO -sbatch] -  +++ Please report issues using the Support portal +++
[ECMWF-INFO -sbatch] -  +++ https://support.ecmwf.int                     +++
[ECMWF-INFO -sbatch] -  /usr/local/bin/ecsbatch: size: 49002, mtime: Thu Oct 19 14:39:55 2023
[ECMWF-INFO -sbatch] - -------------------------------------------------------------------------------------
[ECMWF-INFO -sbatch] - Time at submit: Wed Jan 10 12:26:43 2024 (1704889603.346068) on ac6-101.bullx:/etc/ecmwf/vol/ecpoint_dev/mofp/Papers_2_Write/RainThr_4FlashFloodFC_ecPointERA5/Scripts/Processed
[ECMWF-INFO -sbatch] - --- SLURM VARIABLES ---
[ECMWF-INFO -sbatch] - EC_CLUSTER=ac
[ECMWF-INFO -sbatch] - SLURM_EXPORT_ENV=ALL
[ECMWF-INFO -sbatch] - SBATCH_EXPORT=NONE
[ECMWF-INFO -sbatch] - -----------------------
[ECMWF-INFO -sbatch] - jobscript: /etc/ecmwf/vol/ecpoint_dev/mofp/Papers_2_Write/RainThr_4FlashFloodFC_ecPointERA5/Scripts/Processed/02_SubmitterATOS_ClimateSA.sh
[ECMWF-INFO -sbatch] - --- SCRIPT OPTIONS ---
[ECMWF-INFO -sbatch] - #SBATCH --job-name=ClimateSA
[ECMWF-INFO -sbatch] - #SBATCH --output=LogATOS/ClimateSA-%J.out
[ECMWF-INFO -sbatch] - #SBATCH --error=LogATOS/ClimateSA-%J.out
[ECMWF-INFO -sbatch] - #SBATCH --cpus-per-task=64
[ECMWF-INFO -sbatch] - #SBATCH --mem=128G
[ECMWF-INFO -sbatch] - #SBATCH --time=2-00:00:00
[ECMWF-INFO -sbatch] - #SBATCH --qos=nf
[ECMWF-INFO -sbatch] - #SBATCH --mail-type=FAIL
[ECMWF-INFO -sbatch] - #SBATCH --mail-user=fatima.pillosu@ecmwf.int
[ECMWF-INFO -sbatch] - -----------------------
[ECMWF-INFO -sbatch] - --- POST-PROCESSED OPTIONS ---
[ECMWF-INFO -sbatch] - ARG --positional=['02_SubmitterATOS_ClimateSA.sh', '24', '69', 'ERA5', '160']
[ECMWF-INFO -sbatch] - ARG --cpus_per_task=64
[ECMWF-INFO -sbatch] - ARG --error=LogATOS/ClimateSA-%J.out
[ECMWF-INFO -sbatch] - ARG --job_name=ClimateSA
[ECMWF-INFO -sbatch] - ARG --mail_type=FAIL
[ECMWF-INFO -sbatch] - ARG --mail_user=fatima.pillosu@ecmwf.int
[ECMWF-INFO -sbatch] - ARG --output=LogATOS/ClimateSA-%J.out
[ECMWF-INFO -sbatch] - ARG --qos=nf
[ECMWF-INFO -sbatch] - ARG --time=2-00:00:00
[ECMWF-INFO -sbatch] - ARG --mem=128G
[ECMWF-INFO -sbatch] - ------------------------------
[ECMWF-INFO -sbatch] - jobtag: mofp-ClimateSA-1x64-/etc/ecmwf/vol/ecpoint_dev/mofp/Papers_2_Write/RainThr_4FlashFloodFC_ecPointERA5/Scripts/Processed/LogATOS/ClimateSA-_.out
[ECMWF-INFO -sbatch] - ['/usr/bin/sbatch', '--cpus-per-task=64', '--error=LogATOS/ClimateSA-%J.out', '--job-name=ClimateSA', '--mail-type=FAIL', '--mail-user=fatima.pillosu@ecmwf.int', '--output=LogATOS/ClimateSA-%J.out', '--qos=nf', '--time=2-00:00:00', '--mem=128G', '--licenses=h2resw01', '--export=EC_user_time_limit=2-00:00:00', '/etc/ecmwf/vol/ecpoint_dev/mofp/Papers_2_Write/RainThr_4FlashFloodFC_ecPointERA5/Scripts/Processed/02_SubmitterATOS_ClimateSA.sh', '24', '69', 'ERA5', '160']
[ECMWF-INFO -sbatch] - sbatch executed on ac
[ECMWF-INFO -sbatch] - Job queued on ac using method local
[ECMWF-INFO -sbatch] - Submitted batch job 36091992
[ECMWF-INFO -ecprofile] /usr/bin/bash NON_INTERACTIVE on ac6-121 at 20240110_122649.885, PID: 188359, JOBID: 36091992
[ECMWF-INFO -ecprofile] $SCRATCH=/ec/res4/scratch/mofp
[ECMWF-INFO -ecprofile] $PERM=/perm/mofp
[ECMWF-INFO -ecprofile] $HPCPERM=/ec/res4/hpcperm/mofp
[ECMWF-INFO -ecprofile] $TMPDIR=/etc/ecmwf/ssd/ssd1/tmpdirs/mofp.36091992
[ECMWF-INFO -ecprofile] $SCRATCHDIR=/ec/res4/scratchdir/mofp/0/36091992
Reading the indipendent rainfall realizations for ERA5, for the full climatological period and for the sub-area n.69/160
 - Processing the date:  2000-01-02 00:00:00
 - Processing the date:  2000-01-03 00:00:00
Computing the rainfall climatology as percentiles
Saving the rainfall climatology
[ECMWF-INFO -ecepilog] ----------------------------------------------------------------------------------------------------
[ECMWF-INFO -ecepilog] This is the ECMWF job Epilogue
[ECMWF-INFO -ecepilog] +++ Please report issues using the Support portal +++
[ECMWF-INFO -ecepilog] +++ https://support.ecmwf.int                     +++
[ECMWF-INFO -ecepilog] ----------------------------------------------------------------------------------------------------
[ECMWF-INFO -ecepilog] Run at 2024-01-10T12:26:53 on ac
[ECMWF-INFO -ecepilog] JobName                   : ClimateSA
[ECMWF-INFO -ecepilog] JobID                     : 36091992
[ECMWF-INFO -ecepilog] Submit                    : 2024-01-10T12:26:43
[ECMWF-INFO -ecepilog] Start                     : 2024-01-10T12:26:47
[ECMWF-INFO -ecepilog] End                       : 2024-01-10T12:26:53
[ECMWF-INFO -ecepilog] QueuedTime                : 4.0
[ECMWF-INFO -ecepilog] ElapsedRaw                : 6
[ECMWF-INFO -ecepilog] ExitCode                  : 0:0
[ECMWF-INFO -ecepilog] DerivedExitCode           : 0:0
[ECMWF-INFO -ecepilog] State                     : COMPLETED
[ECMWF-INFO -ecepilog] Account                   : ecodmdmo
[ECMWF-INFO -ecepilog] QOS                       : nf
[ECMWF-INFO -ecepilog] User                      : mofp
[ECMWF-INFO -ecepilog] StdOut                    : /etc/ecmwf/vol/ecpoint_dev/mofp/Papers_2_Write/RainThr_4FlashFloodFC_ecPointERA5/Scripts/Processed/LogATOS/ClimateSA-36091992.out
[ECMWF-INFO -ecepilog] StdErr                    : /etc/ecmwf/vol/ecpoint_dev/mofp/Papers_2_Write/RainThr_4FlashFloodFC_ecPointERA5/Scripts/Processed/LogATOS/ClimateSA-36091992.out
[ECMWF-INFO -ecepilog] NNodes                    : 1
[ECMWF-INFO -ecepilog] NCPUS                     : 64
[ECMWF-INFO -ecepilog] SBU                       : 1.009
[ECMWF-INFO -ecepilog] ----------------------------------------------------------------------------------------------------

